<?xml version="1.0" encoding="UTF-8"?>
<robot generator="Robot 5.0 (Python 3.10.4 on win32)" generated="20220419 12:07:39.868" rpa="false" schemaversion="3">
<suite id="s1" name="loginSuportStep" source="C:\Users\andreluis.silva\robotFrameWork\SGT-ROBOT\test\loginSuportStep.robot">
<test id="s1-t1" name="Cenário 1: Login Suporte Usuário Ativo" line="14">
<kw name="Abrir Navegador" library="login" type="SETUP">
<kw name="Open Browser" library="SeleniumLibrary">
<arg>${url}</arg>
<arg>${browser}</arg>
<arg>${log-null}</arg>
<doc>Opens a new browser instance to the optional ``url``.</doc>
<msg timestamp="20220419 12:07:40.070" level="INFO">Opening browser 'headlessfirefox' to base url 'https://qa.newsgt.isitics.com/#/'.</msg>
<msg timestamp="20220419 12:07:40.071" level="INFO">Firefox driver log is always forced to to: C:\Users\andreluis.silva\robotFrameWork\SGT-ROBOT\test\geckodriver-3.log</msg>
<status status="PASS" starttime="20220419 12:07:40.070" endtime="20220419 12:07:50.763"/>
</kw>
<status status="PASS" starttime="20220419 12:07:40.070" endtime="20220419 12:07:50.763"/>
</kw>
<kw name="Dado que estou no menu dashboard" library="loginSuport">
<kw name="Dado que acesso a página do portal SGT" library="login">
<kw name="Go To" library="SeleniumLibrary">
<arg>url=${url}</arg>
<doc>Navigates the current browser window to the provided ``url``.</doc>
<msg timestamp="20220419 12:07:50.765" level="INFO">Opening url 'https://qa.newsgt.isitics.com/#/'</msg>
<status status="PASS" starttime="20220419 12:07:50.765" endtime="20220419 12:07:50.774"/>
</kw>
<kw name="Title Should Be" library="SeleniumLibrary">
<arg>${Title}</arg>
<doc>Verifies that the current page title equals ``title``.</doc>
<msg timestamp="20220419 12:07:50.779" level="INFO">Page title is 'SGT - Sistema de Gestão de Tecnologia'.</msg>
<status status="PASS" starttime="20220419 12:07:50.774" endtime="20220419 12:07:50.780"/>
</kw>
<status status="PASS" starttime="20220419 12:07:50.764" endtime="20220419 12:07:50.780"/>
</kw>
<kw name="Quando preencho login e senha com usuário DN administrador" library="login">
<kw name="Input Text" library="SeleniumLibrary">
<arg>${Modal-Login}</arg>
<arg>${usuario}</arg>
<doc>Types the given ``text`` into the text field identified by ``locator``.</doc>
<msg timestamp="20220419 12:07:50.780" level="INFO">Typing text 'admin@teste.com' into text field '//input[@id='login']'.</msg>
<status status="PASS" starttime="20220419 12:07:50.780" endtime="20220419 12:07:50.832"/>
</kw>
<kw name="Input Text" library="SeleniumLibrary">
<arg>${Modal-Senha}</arg>
<arg>${senha}</arg>
<doc>Types the given ``text`` into the text field identified by ``locator``.</doc>
<msg timestamp="20220419 12:07:50.833" level="INFO">Typing text 'sgtcaveiras' into text field '//input[@id='senha']'.</msg>
<status status="PASS" starttime="20220419 12:07:50.833" endtime="20220419 12:07:50.858"/>
</kw>
<status status="PASS" starttime="20220419 12:07:50.780" endtime="20220419 12:07:50.858"/>
</kw>
<kw name="E clico no botão Entrar" library="login">
<kw name="Click Element" library="SeleniumLibrary">
<arg>locator=${Btn-Entrar}</arg>
<doc>Click the element identified by ``locator``.</doc>
<msg timestamp="20220419 12:07:50.858" level="INFO">Clicking element '//button[contains(.,'Entrar')]'.</msg>
<status status="PASS" starttime="20220419 12:07:50.858" endtime="20220419 12:07:51.086"/>
</kw>
<status status="PASS" starttime="20220419 12:07:50.858" endtime="20220419 12:07:51.086"/>
</kw>
<kw name="Então devo ser redirecionado para o menu Dashboard de Atendimentos" library="login">
<kw name="Wait Until Element Is Visible" library="SeleniumLibrary">
<arg>timeout=15</arg>
<arg>locator=${Tela-Dashboard}</arg>
<doc>Waits until the element ``locator`` is visible.</doc>
<status status="PASS" starttime="20220419 12:07:51.087" endtime="20220419 12:07:51.739"/>
</kw>
<kw name="Wait Until Page Contains" library="SeleniumLibrary">
<arg>text=${Validar-Dashboard}</arg>
<doc>Waits until ``text`` appears on the current page.</doc>
<status status="PASS" starttime="20220419 12:07:51.739" endtime="20220419 12:07:51.743"/>
</kw>
<status status="PASS" starttime="20220419 12:07:51.086" endtime="20220419 12:07:51.743"/>
</kw>
<status status="PASS" starttime="20220419 12:07:50.764" endtime="20220419 12:07:51.743"/>
</kw>
<kw name="Então expando o menu sanduiche" library="loginSuport">
<kw name="Wait Until Location Does Not Contain" library="SeleniumLibrary">
<arg>locator=${Loading}</arg>
<doc>Waits until the current URL does not contains ``location``.</doc>
<status status="PASS" starttime="20220419 12:07:51.744" endtime="20220419 12:07:51.746"/>
</kw>
<status status="PASS" starttime="20220419 12:07:51.744" endtime="20220419 12:07:51.746"/>
</kw>
<kw name="Fechar Navegador" library="login" type="TEARDOWN">
<kw name="Close Browser" library="SeleniumLibrary">
<doc>Closes the current browser.</doc>
<status status="PASS" starttime="20220419 12:07:51.747" endtime="20220419 12:07:52.351"/>
</kw>
<status status="PASS" starttime="20220419 12:07:51.747" endtime="20220419 12:07:52.352"/>
</kw>
<status status="PASS" starttime="20220419 12:07:40.069" endtime="20220419 12:07:52.352"/>
</test>
<status status="PASS" starttime="20220419 12:07:39.870" endtime="20220419 12:07:52.354"/>
</suite>
<statistics>
<total>
<stat pass="1" fail="0" skip="0">All Tests</stat>
</total>
<tag>
</tag>
<suite>
<stat pass="1" fail="0" skip="0" id="s1" name="loginSuportStep">loginSuportStep</stat>
</suite>
</statistics>
<errors>
</errors>
</robot>
